<?xml version="1.0" encoding="UTF-8"?>
<testsuites name="New Test Suite1" time="0" tests="0" failures="0" errors="0">
   <testsuite name="New Test Suite1" tests="0" failures="0" errors="0" time="0" timestamp="2017-11-30 14:46:27" hostname="LAPTOP-CULTM2N2$ - 10.0.0.144" id="Test Suites/New Test Suite1">
      <properties>
         <property name="deviceName" value=""/>
         <property name="devicePlatform" value=""/>
         <property name="logFolder" value="C:\\Users\\newjo\\git\\KatalonGitRepo\\Reports\\New Test Suite1\\20171130_144624"/>
         <property name="logFiles" value="C:\\Users\\newjo\\git\\KatalonGitRepo\\Reports\\New Test Suite1\\20171130_144624\\execution0.log"/>
         <property name="attachments" value=""/>
         <property name="hostName" value="LAPTOP-CULTM2N2$ - 10.0.0.144"/>
         <property name="hostAddress" value="10.0.0.144"/>
         <property name="os" value="Windows 10 64bit"/>
         <property name="katalonVersion" value="5.0.1.1"/>
      </properties>
      <system-out><![CDATA[2017-11-30 14:46:27 - [TEST_SUITE][INCOMPLETE] - New Test Suite1: null]]></system-out>
      <system-err><![CDATA[2017-11-30 14:46:27 - [TEST_SUITE][INCOMPLETE] - New Test Suite1: null]]></system-err>
   </testsuite>
</testsuites>
