<?xml version="1.0" encoding="UTF-8"?>
<testsuites name="New Test Suite1" time="98" tests="2" failures="0" errors="0">
   <testsuite name="New Test Suite1" tests="2" failures="0" errors="0" time="98" timestamp="2017-12-01 18:32:13" hostname="newjo - 10.0.0.144" id="Test Suites/New Test Suite1">
      <properties>
         <property name="deviceName" value=""/>
         <property name="devicePlatform" value=""/>
         <property name="logFolder" value="C:\\Users\\newjo\\git\\KatalonGitRepo\\Reports\\New Test Suite1\\20171201_183210"/>
         <property name="logFiles" value="C:\\Users\\newjo\\git\\KatalonGitRepo\\Reports\\New Test Suite1\\20171201_183210\\execution0.log"/>
         <property name="attachments" value=""/>
         <property name="hostName" value="newjo - 10.0.0.144"/>
         <property name="os" value="Windows 10 64bit"/>
         <property name="katalonVersion" value="5.0.1.1"/>
         <property name="browser" value="Chrome 62.0.3202.94"/>
         <property name="hostAddress" value="10.0.0.144"/>
         <property name="sessionId" value="c79eeba35845634b9f9c4da38859bd80"/>
         <property name="seleniumVersion" value="2.53.0"/>
         <property name="proxyInformation" value="ProxyInformation{proxyOption=NO_PROXY, proxyServerType=HTTP, password=, proxyServerAddress=, proxyServerPort=0}"/>
         <property name="platform" value="Windows 10"/>
      </properties>
      <testcase name="Test Cases/Test 1 by Tom" classname="Test Cases/Test 1 by Tom" status="PASSED">
         <system-out><![CDATA[2017-12-01 18:32:14 - [TEST_CASE][PASSED] - Test Cases/Test 1 by Tom: Test Cases/Test 1 by Tom

2017-12-01 18:32:15 - [TEST_STEP][PASSED] - openBrowser: Browser is opened with url: 'https://www.katalon.com/'

2017-12-01 18:33:38 - [MESSAGE][PASSED] - Browser is opened with url: 'https://www.katalon.com/'

2017-12-01 18:33:38 - [TEST_STEP][PASSED] - closeBrowser: Browser is closed

2017-12-01 18:33:42 - [MESSAGE][PASSED] - Browser is closed]]></system-out>
         <system-err><![CDATA[]]></system-err>
      </testcase>
      <testcase name="Test Cases/Test 2 by Kim" classname="Test Cases/Test 2 by Kim" status="PASSED">
         <system-out><![CDATA[2017-12-01 18:33:43 - [TEST_CASE][PASSED] - Test Cases/Test 2 by Kim: Test Cases/Test 2 by Kim

2017-12-01 18:33:43 - [TEST_STEP][PASSED] - openBrowser: Browser is opened with url: ''

2017-12-01 18:33:46 - [MESSAGE][PASSED] - Browser is opened with url: ''

2017-12-01 18:33:46 - [TEST_STEP][PASSED] - navigateToUrl: Navigate to 'http://www.sisterlocks.com/' successfully

2017-12-01 18:33:51 - [MESSAGE][PASSED] - Navigate to 'http://www.sisterlocks.com/' successfully

2017-12-01 18:33:51 - [TEST_STEP][PASSED] - closeBrowser: Browser is closed

2017-12-01 18:33:52 - [MESSAGE][PASSED] - Browser is closed]]></system-out>
         <system-err><![CDATA[]]></system-err>
      </testcase>
      <system-out><![CDATA[2017-12-01 18:32:13 - [TEST_SUITE][PASSED] - New Test Suite1: Test Cases/Test 2 by Kim]]></system-out>
      <system-err><![CDATA[]]></system-err>
   </testsuite>
</testsuites>
