<?xml version="1.0" encoding="UTF-8"?>
<testsuites name="New Test Suite1" time="25" tests="2" failures="0" errors="0">
   <testsuite name="New Test Suite1" tests="2" failures="0" errors="0" time="25" timestamp="2017-11-30 17:36:13" hostname="LAPTOP-CULTM2N2$ - 10.0.0.144" id="Test Suites/New Test Suite1">
      <properties>
         <property name="deviceName" value=""/>
         <property name="devicePlatform" value=""/>
         <property name="logFolder" value="C:\\Users\\newjo\\git\\KatalonGitRepo\\Reports\\New Test Suite1\\20171130_173610"/>
         <property name="logFiles" value="C:\\Users\\newjo\\git\\KatalonGitRepo\\Reports\\New Test Suite1\\20171130_173610\\execution0.log"/>
         <property name="attachments" value=""/>
         <property name="hostName" value="LAPTOP-CULTM2N2$ - 10.0.0.144"/>
         <property name="os" value="Windows 10 64bit"/>
         <property name="katalonVersion" value="5.0.1.1"/>
         <property name="browser" value="Chrome 62.0.3202.94"/>
         <property name="hostAddress" value="10.0.0.144"/>
         <property name="sessionId" value="fe099d77a5b7ad6b68c0691f8433a243"/>
         <property name="seleniumVersion" value="2.53.0"/>
         <property name="proxyInformation" value="ProxyInformation{proxyOption=NO_PROXY, proxyServerType=HTTP, password=, proxyServerAddress=, proxyServerPort=0}"/>
         <property name="platform" value="Windows 10"/>
      </properties>
      <testcase name="Test Cases/Test 1 by Tom" classname="Test Cases/Test 1 by Tom" status="PASSED">
         <system-out><![CDATA[2017-11-30 17:36:14 - [TEST_CASE][PASSED] - Test Cases/Test 1 by Tom: Test Cases/Test 1 by Tom

2017-11-30 17:36:15 - [TEST_STEP][PASSED] - openBrowser: Browser is opened with url: 'https://www.katalon.com/'

2017-11-30 17:36:28 - [MESSAGE][PASSED] - Browser is opened with url: 'https://www.katalon.com/'

2017-11-30 17:36:28 - [TEST_STEP][PASSED] - closeBrowser: Browser is closed

2017-11-30 17:36:29 - [MESSAGE][PASSED] - Browser is closed]]></system-out>
         <system-err><![CDATA[]]></system-err>
      </testcase>
      <testcase name="Test Cases/Test 2 by Kim" classname="Test Cases/Test 2 by Kim" status="PASSED">
         <system-out><![CDATA[2017-11-30 17:36:29 - [TEST_CASE][PASSED] - Test Cases/Test 2 by Kim: Test Cases/Test 2 by Kim

2017-11-30 17:36:29 - [TEST_STEP][PASSED] - openBrowser: Browser is opened with url: ''

2017-11-30 17:36:31 - [MESSAGE][PASSED] - Browser is opened with url: ''

2017-11-30 17:36:31 - [TEST_STEP][PASSED] - navigateToUrl: Navigate to 'http://www.sisterlocks.com/' successfully

2017-11-30 17:36:38 - [MESSAGE][PASSED] - Navigate to 'http://www.sisterlocks.com/' successfully

2017-11-30 17:36:38 - [TEST_STEP][PASSED] - closeBrowser: Browser is closed

2017-11-30 17:36:38 - [MESSAGE][PASSED] - Browser is closed]]></system-out>
         <system-err><![CDATA[]]></system-err>
      </testcase>
      <system-out><![CDATA[2017-11-30 17:36:13 - [TEST_SUITE][PASSED] - New Test Suite1: Test Cases/Test 2 by Kim]]></system-out>
      <system-err><![CDATA[]]></system-err>
   </testsuite>
</testsuites>
