<?xml version="1.0" encoding="UTF-8"?>
<testsuites name="New Test Suite1" time="40" tests="2" failures="0" errors="0">
   <testsuite name="New Test Suite1" tests="2" failures="0" errors="0" time="40" timestamp="2017-12-01 17:28:21" hostname="LAPTOP-CULTM2N2$ - 10.0.0.144" id="Test Suites/New Test Suite1">
      <properties>
         <property name="deviceName" value=""/>
         <property name="devicePlatform" value=""/>
         <property name="logFolder" value="C:\\Users\\newjo\\git\\KatalonGitRepo\\Reports\\New Test Suite1\\20171201_172817"/>
         <property name="logFiles" value="C:\\Users\\newjo\\git\\KatalonGitRepo\\Reports\\New Test Suite1\\20171201_172817\\execution0.log"/>
         <property name="attachments" value=""/>
         <property name="hostName" value="LAPTOP-CULTM2N2$ - 10.0.0.144"/>
         <property name="os" value="Windows 10 64bit"/>
         <property name="katalonVersion" value="5.0.1.1"/>
         <property name="browser" value="Chrome 62.0.3202.94"/>
         <property name="hostAddress" value="10.0.0.144"/>
         <property name="sessionId" value="a30db10938d4f99d830202799c0520c8"/>
         <property name="seleniumVersion" value="2.53.0"/>
         <property name="proxyInformation" value="ProxyInformation{proxyOption=NO_PROXY, proxyServerType=HTTP, password=, proxyServerAddress=, proxyServerPort=0}"/>
         <property name="platform" value="Windows 10"/>
      </properties>
      <testcase name="Test Cases/Test 1 by Tom" classname="Test Cases/Test 1 by Tom" status="PASSED">
         <system-out><![CDATA[2017-12-01 17:28:22 - [TEST_CASE][PASSED] - Test Cases/Test 1 by Tom: Test Cases/Test 1 by Tom

2017-12-01 17:28:23 - [TEST_STEP][PASSED] - openBrowser: Browser is opened with url: 'https://www.katalon.com/'

2017-12-01 17:28:43 - [MESSAGE][PASSED] - Browser is opened with url: 'https://www.katalon.com/'

2017-12-01 17:28:43 - [TEST_STEP][PASSED] - closeBrowser: Browser is closed

2017-12-01 17:28:45 - [MESSAGE][PASSED] - Browser is closed]]></system-out>
         <system-err><![CDATA[]]></system-err>
      </testcase>
      <testcase name="Test Cases/Test 2 by Kim" classname="Test Cases/Test 2 by Kim" status="PASSED">
         <system-out><![CDATA[2017-12-01 17:28:45 - [TEST_CASE][PASSED] - Test Cases/Test 2 by Kim: Test Cases/Test 2 by Kim

2017-12-01 17:28:45 - [TEST_STEP][PASSED] - openBrowser: Browser is opened with url: ''

2017-12-01 17:28:52 - [MESSAGE][PASSED] - Browser is opened with url: ''

2017-12-01 17:28:52 - [TEST_STEP][PASSED] - navigateToUrl: Navigate to 'http://www.sisterlocks.com/' successfully

2017-12-01 17:29:01 - [MESSAGE][PASSED] - Navigate to 'http://www.sisterlocks.com/' successfully

2017-12-01 17:29:01 - [TEST_STEP][PASSED] - closeBrowser: Browser is closed

2017-12-01 17:29:02 - [MESSAGE][PASSED] - Browser is closed]]></system-out>
         <system-err><![CDATA[]]></system-err>
      </testcase>
      <system-out><![CDATA[2017-12-01 17:28:21 - [TEST_SUITE][PASSED] - New Test Suite1: Test Cases/Test 2 by Kim]]></system-out>
      <system-err><![CDATA[]]></system-err>
   </testsuite>
</testsuites>
